checking for Ruby version >= 1.8.5... -------------------- yes

--------------------

have_header: checking for stdint.h... -------------------- yes

"gcc -E -I. -Ic:/ruby18/lib/ruby/1.8/i386-mingw32 -I.   -g -O2   conftest.c -o conftest.i"
checked program was:
/* begin */
1: #include <stdint.h>
/* end */

--------------------

have_header: checking for sys/types.h... -------------------- yes

"gcc -E -I. -Ic:/ruby18/lib/ruby/1.8/i386-mingw32 -I.   -g -O2   conftest.c -o conftest.i"
checked program was:
/* begin */
1: #include <sys/types.h>
/* end */

--------------------

have_header: checking for wand/MagickWand.h... -------------------- no

"gcc -E -I. -Ic:/ruby18/lib/ruby/1.8/i386-mingw32 -I.   -g -O2   conftest.c -o conftest.i"
conftest.c:1:29: wand/MagickWand.h: No such file or directory
checked program was:
/* begin */
1: #include <wand/MagickWand.h>
/* end */

--------------------


Can't install RMagick 2.12.2. Can't find MagickWand.h.